Using TensorFlow backend.
2018-04-12 21:07:55.740591: I tensorflow/core/common_runtime/gpu/gpu_device.cc:940] Found device 0 with properties: 
name: Tesla K80
major: 3 minor: 7 memoryClockRate (GHz) 0.8235
pciBusID 0000:06:00.0
Total memory: 11.17GiB
Free memory: 11.11GiB
2018-04-12 21:07:55.933554: W tensorflow/stream_executor/cuda/cuda_driver.cc:523] A non-primary context 0x4e064d0 exists before initializing the StreamExecutor. We haven't verified StreamExecutor works with that.
2018-04-12 21:07:55.934736: I tensorflow/core/common_runtime/gpu/gpu_device.cc:940] Found device 1 with properties: 
name: Tesla K80
major: 3 minor: 7 memoryClockRate (GHz) 0.8235
pciBusID 0000:07:00.0
Total memory: 11.17GiB
Free memory: 11.11GiB
2018-04-12 21:07:56.131967: W tensorflow/stream_executor/cuda/cuda_driver.cc:523] A non-primary context 0x4e0a180 exists before initializing the StreamExecutor. We haven't verified StreamExecutor works with that.
2018-04-12 21:07:56.133147: I tensorflow/core/common_runtime/gpu/gpu_device.cc:940] Found device 2 with properties: 
name: Tesla K80
major: 3 minor: 7 memoryClockRate (GHz) 0.8235
pciBusID 0000:84:00.0
Total memory: 11.17GiB
Free memory: 11.11GiB
2018-04-12 21:07:56.335747: W tensorflow/stream_executor/cuda/cuda_driver.cc:523] A non-primary context 0x4e0de60 exists before initializing the StreamExecutor. We haven't verified StreamExecutor works with that.
2018-04-12 21:07:56.336924: I tensorflow/core/common_runtime/gpu/gpu_device.cc:940] Found device 3 with properties: 
name: Tesla K80
major: 3 minor: 7 memoryClockRate (GHz) 0.8235
pciBusID 0000:85:00.0
Total memory: 11.17GiB
Free memory: 11.11GiB
2018-04-12 21:07:56.337629: I tensorflow/core/common_runtime/gpu/gpu_device.cc:832] Peer access not supported between device ordinals 0 and 2
2018-04-12 21:07:56.337645: I tensorflow/core/common_runtime/gpu/gpu_device.cc:832] Peer access not supported between device ordinals 0 and 3
2018-04-12 21:07:56.337666: I tensorflow/core/common_runtime/gpu/gpu_device.cc:832] Peer access not supported between device ordinals 1 and 2
2018-04-12 21:07:56.337674: I tensorflow/core/common_runtime/gpu/gpu_device.cc:832] Peer access not supported between device ordinals 1 and 3
2018-04-12 21:07:56.337682: I tensorflow/core/common_runtime/gpu/gpu_device.cc:832] Peer access not supported between device ordinals 2 and 0
2018-04-12 21:07:56.337690: I tensorflow/core/common_runtime/gpu/gpu_device.cc:832] Peer access not supported between device ordinals 2 and 1
2018-04-12 21:07:56.338259: I tensorflow/core/common_runtime/gpu/gpu_device.cc:832] Peer access not supported between device ordinals 3 and 0
2018-04-12 21:07:56.338271: I tensorflow/core/common_runtime/gpu/gpu_device.cc:832] Peer access not supported between device ordinals 3 and 1
2018-04-12 21:07:56.338330: I tensorflow/core/common_runtime/gpu/gpu_device.cc:961] DMA: 0 1 2 3 
2018-04-12 21:07:56.338337: I tensorflow/core/common_runtime/gpu/gpu_device.cc:971] 0:   Y Y N N 
2018-04-12 21:07:56.338341: I tensorflow/core/common_runtime/gpu/gpu_device.cc:971] 1:   Y Y N N 
2018-04-12 21:07:56.338345: I tensorflow/core/common_runtime/gpu/gpu_device.cc:971] 2:   N N Y Y 
2018-04-12 21:07:56.338348: I tensorflow/core/common_runtime/gpu/gpu_device.cc:971] 3:   N N Y Y 
2018-04-12 21:07:56.338361: I tensorflow/core/common_runtime/gpu/gpu_device.cc:1030] Creating TensorFlow device (/gpu:0) -> (device: 0, name: Tesla K80, pci bus id: 0000:06:00.0)
2018-04-12 21:07:56.338366: I tensorflow/core/common_runtime/gpu/gpu_device.cc:1030] Creating TensorFlow device (/gpu:1) -> (device: 1, name: Tesla K80, pci bus id: 0000:07:00.0)
2018-04-12 21:07:56.338371: I tensorflow/core/common_runtime/gpu/gpu_device.cc:1030] Creating TensorFlow device (/gpu:2) -> (device: 2, name: Tesla K80, pci bus id: 0000:84:00.0)
2018-04-12 21:07:56.338376: I tensorflow/core/common_runtime/gpu/gpu_device.cc:1030] Creating TensorFlow device (/gpu:3) -> (device: 3, name: Tesla K80, pci bus id: 0000:85:00.0)
slurmstepd: error: *** JOB 24299846 ON m8g-2-6 CANCELLED AT 2018-04-12T21:55:42 ***
