Using TensorFlow backend.
2018-04-13 12:16:03.018049: I tensorflow/core/common_runtime/gpu/gpu_device.cc:940] Found device 0 with properties: 
name: Tesla K80
major: 3 minor: 7 memoryClockRate (GHz) 0.8235
pciBusID 0000:06:00.0
Total memory: 11.17GiB
Free memory: 11.11GiB
2018-04-13 12:16:03.215559: W tensorflow/stream_executor/cuda/cuda_driver.cc:523] A non-primary context 0x441e430 exists before initializing the StreamExecutor. We haven't verified StreamExecutor works with that.
2018-04-13 12:16:03.216748: I tensorflow/core/common_runtime/gpu/gpu_device.cc:940] Found device 1 with properties: 
name: Tesla K80
major: 3 minor: 7 memoryClockRate (GHz) 0.8235
pciBusID 0000:07:00.0
Total memory: 11.17GiB
Free memory: 11.11GiB
2018-04-13 12:16:03.418407: W tensorflow/stream_executor/cuda/cuda_driver.cc:523] A non-primary context 0x4421e00 exists before initializing the StreamExecutor. We haven't verified StreamExecutor works with that.
2018-04-13 12:16:03.419593: I tensorflow/core/common_runtime/gpu/gpu_device.cc:940] Found device 2 with properties: 
name: Tesla K80
major: 3 minor: 7 memoryClockRate (GHz) 0.8235
pciBusID 0000:85:00.0
Total memory: 11.17GiB
Free memory: 11.11GiB
2018-04-13 12:16:03.625959: W tensorflow/stream_executor/cuda/cuda_driver.cc:523] A non-primary context 0x4425c70 exists before initializing the StreamExecutor. We haven't verified StreamExecutor works with that.
2018-04-13 12:16:03.627137: I tensorflow/core/common_runtime/gpu/gpu_device.cc:940] Found device 3 with properties: 
name: Tesla K80
major: 3 minor: 7 memoryClockRate (GHz) 0.8235
pciBusID 0000:86:00.0
Total memory: 11.17GiB
Free memory: 11.11GiB
2018-04-13 12:16:03.627849: I tensorflow/core/common_runtime/gpu/gpu_device.cc:832] Peer access not supported between device ordinals 0 and 2
2018-04-13 12:16:03.627864: I tensorflow/core/common_runtime/gpu/gpu_device.cc:832] Peer access not supported between device ordinals 0 and 3
2018-04-13 12:16:03.627884: I tensorflow/core/common_runtime/gpu/gpu_device.cc:832] Peer access not supported between device ordinals 1 and 2
2018-04-13 12:16:03.627892: I tensorflow/core/common_runtime/gpu/gpu_device.cc:832] Peer access not supported between device ordinals 1 and 3
2018-04-13 12:16:03.627899: I tensorflow/core/common_runtime/gpu/gpu_device.cc:832] Peer access not supported between device ordinals 2 and 0
2018-04-13 12:16:03.627907: I tensorflow/core/common_runtime/gpu/gpu_device.cc:832] Peer access not supported between device ordinals 2 and 1
2018-04-13 12:16:03.628476: I tensorflow/core/common_runtime/gpu/gpu_device.cc:832] Peer access not supported between device ordinals 3 and 0
2018-04-13 12:16:03.628488: I tensorflow/core/common_runtime/gpu/gpu_device.cc:832] Peer access not supported between device ordinals 3 and 1
2018-04-13 12:16:03.628548: I tensorflow/core/common_runtime/gpu/gpu_device.cc:961] DMA: 0 1 2 3 
2018-04-13 12:16:03.628554: I tensorflow/core/common_runtime/gpu/gpu_device.cc:971] 0:   Y Y N N 
2018-04-13 12:16:03.628558: I tensorflow/core/common_runtime/gpu/gpu_device.cc:971] 1:   Y Y N N 
2018-04-13 12:16:03.628562: I tensorflow/core/common_runtime/gpu/gpu_device.cc:971] 2:   N N Y Y 
2018-04-13 12:16:03.628566: I tensorflow/core/common_runtime/gpu/gpu_device.cc:971] 3:   N N Y Y 
2018-04-13 12:16:03.628579: I tensorflow/core/common_runtime/gpu/gpu_device.cc:1030] Creating TensorFlow device (/gpu:0) -> (device: 0, name: Tesla K80, pci bus id: 0000:06:00.0)
2018-04-13 12:16:03.628584: I tensorflow/core/common_runtime/gpu/gpu_device.cc:1030] Creating TensorFlow device (/gpu:1) -> (device: 1, name: Tesla K80, pci bus id: 0000:07:00.0)
2018-04-13 12:16:03.628589: I tensorflow/core/common_runtime/gpu/gpu_device.cc:1030] Creating TensorFlow device (/gpu:2) -> (device: 2, name: Tesla K80, pci bus id: 0000:85:00.0)
2018-04-13 12:16:03.628593: I tensorflow/core/common_runtime/gpu/gpu_device.cc:1030] Creating TensorFlow device (/gpu:3) -> (device: 3, name: Tesla K80, pci bus id: 0000:86:00.0)
