Using TensorFlow backend.
2018-04-14 17:27:49.525166: I tensorflow/core/common_runtime/gpu/gpu_device.cc:940] Found device 0 with properties: 
name: Tesla K80
major: 3 minor: 7 memoryClockRate (GHz) 0.8235
pciBusID 0000:06:00.0
Total memory: 11.17GiB
Free memory: 11.11GiB
2018-04-14 17:27:49.734588: W tensorflow/stream_executor/cuda/cuda_driver.cc:523] A non-primary context 0x1588b8350 exists before initializing the StreamExecutor. We haven't verified StreamExecutor works with that.
2018-04-14 17:27:49.735796: I tensorflow/core/common_runtime/gpu/gpu_device.cc:940] Found device 1 with properties: 
name: Tesla K80
major: 3 minor: 7 memoryClockRate (GHz) 0.8235
pciBusID 0000:07:00.0
Total memory: 11.17GiB
Free memory: 11.11GiB
2018-04-14 17:27:49.950149: W tensorflow/stream_executor/cuda/cuda_driver.cc:523] A non-primary context 0x1588bc1c0 exists before initializing the StreamExecutor. We haven't verified StreamExecutor works with that.
2018-04-14 17:27:49.951334: I tensorflow/core/common_runtime/gpu/gpu_device.cc:940] Found device 2 with properties: 
name: Tesla K80
major: 3 minor: 7 memoryClockRate (GHz) 0.8235
pciBusID 0000:85:00.0
Total memory: 11.17GiB
Free memory: 11.11GiB
2018-04-14 17:27:50.171899: W tensorflow/stream_executor/cuda/cuda_driver.cc:523] A non-primary context 0x1588c0030 exists before initializing the StreamExecutor. We haven't verified StreamExecutor works with that.
2018-04-14 17:27:50.173092: I tensorflow/core/common_runtime/gpu/gpu_device.cc:940] Found device 3 with properties: 
name: Tesla K80
major: 3 minor: 7 memoryClockRate (GHz) 0.8235
pciBusID 0000:86:00.0
Total memory: 11.17GiB
Free memory: 11.11GiB
2018-04-14 17:27:50.173913: I tensorflow/core/common_runtime/gpu/gpu_device.cc:832] Peer access not supported between device ordinals 0 and 2
2018-04-14 17:27:50.173930: I tensorflow/core/common_runtime/gpu/gpu_device.cc:832] Peer access not supported between device ordinals 0 and 3
2018-04-14 17:27:50.173959: I tensorflow/core/common_runtime/gpu/gpu_device.cc:832] Peer access not supported between device ordinals 1 and 2
2018-04-14 17:27:50.173970: I tensorflow/core/common_runtime/gpu/gpu_device.cc:832] Peer access not supported between device ordinals 1 and 3
2018-04-14 17:27:50.173979: I tensorflow/core/common_runtime/gpu/gpu_device.cc:832] Peer access not supported between device ordinals 2 and 0
2018-04-14 17:27:50.173988: I tensorflow/core/common_runtime/gpu/gpu_device.cc:832] Peer access not supported between device ordinals 2 and 1
2018-04-14 17:27:50.174599: I tensorflow/core/common_runtime/gpu/gpu_device.cc:832] Peer access not supported between device ordinals 3 and 0
2018-04-14 17:27:50.174613: I tensorflow/core/common_runtime/gpu/gpu_device.cc:832] Peer access not supported between device ordinals 3 and 1
2018-04-14 17:27:50.174703: I tensorflow/core/common_runtime/gpu/gpu_device.cc:961] DMA: 0 1 2 3 
2018-04-14 17:27:50.174709: I tensorflow/core/common_runtime/gpu/gpu_device.cc:971] 0:   Y Y N N 
2018-04-14 17:27:50.174713: I tensorflow/core/common_runtime/gpu/gpu_device.cc:971] 1:   Y Y N N 
2018-04-14 17:27:50.174716: I tensorflow/core/common_runtime/gpu/gpu_device.cc:971] 2:   N N Y Y 
2018-04-14 17:27:50.174720: I tensorflow/core/common_runtime/gpu/gpu_device.cc:971] 3:   N N Y Y 
2018-04-14 17:27:50.174733: I tensorflow/core/common_runtime/gpu/gpu_device.cc:1030] Creating TensorFlow device (/gpu:0) -> (device: 0, name: Tesla K80, pci bus id: 0000:06:00.0)
2018-04-14 17:27:50.174738: I tensorflow/core/common_runtime/gpu/gpu_device.cc:1030] Creating TensorFlow device (/gpu:1) -> (device: 1, name: Tesla K80, pci bus id: 0000:07:00.0)
2018-04-14 17:27:50.174743: I tensorflow/core/common_runtime/gpu/gpu_device.cc:1030] Creating TensorFlow device (/gpu:2) -> (device: 2, name: Tesla K80, pci bus id: 0000:85:00.0)
2018-04-14 17:27:50.174747: I tensorflow/core/common_runtime/gpu/gpu_device.cc:1030] Creating TensorFlow device (/gpu:3) -> (device: 3, name: Tesla K80, pci bus id: 0000:86:00.0)
2018-04-14 17:27:55.654626: I tensorflow/core/common_runtime/gpu/pool_allocator.cc:247] PoolAllocator: After 2358 get requests, put_count=2104 evicted_count=1000 eviction_rate=0.475285 and unsatisfied allocation rate=0.574215
2018-04-14 17:27:55.654889: I tensorflow/core/common_runtime/gpu/pool_allocator.cc:259] Raising pool_size_limit_ from 100 to 110
2018-04-14 17:28:04.683286: I tensorflow/core/common_runtime/gpu/pool_allocator.cc:247] PoolAllocator: After 2498 get requests, put_count=2656 evicted_count=1000 eviction_rate=0.376506 and unsatisfied allocation rate=0.346277
2018-04-14 17:28:04.683350: I tensorflow/core/common_runtime/gpu/pool_allocator.cc:259] Raising pool_size_limit_ from 256 to 281
