Using TensorFlow backend.
2018-04-11 18:29:38.297876: I tensorflow/core/common_runtime/gpu/gpu_device.cc:940] Found device 0 with properties: 
name: Tesla K80
major: 3 minor: 7 memoryClockRate (GHz) 0.8235
pciBusID 0000:06:00.0
Total memory: 11.17GiB
Free memory: 11.11GiB
2018-04-11 18:29:38.494372: W tensorflow/stream_executor/cuda/cuda_driver.cc:523] A non-primary context 0x5f10e30 exists before initializing the StreamExecutor. We haven't verified StreamExecutor works with that.
2018-04-11 18:29:38.495588: I tensorflow/core/common_runtime/gpu/gpu_device.cc:940] Found device 1 with properties: 
name: Tesla K80
major: 3 minor: 7 memoryClockRate (GHz) 0.8235
pciBusID 0000:07:00.0
Total memory: 11.17GiB
Free memory: 11.11GiB
2018-04-11 18:29:38.694356: W tensorflow/stream_executor/cuda/cuda_driver.cc:523] A non-primary context 0x5f14c70 exists before initializing the StreamExecutor. We haven't verified StreamExecutor works with that.
2018-04-11 18:29:38.695556: I tensorflow/core/common_runtime/gpu/gpu_device.cc:940] Found device 2 with properties: 
name: Tesla K80
major: 3 minor: 7 memoryClockRate (GHz) 0.8235
pciBusID 0000:84:00.0
Total memory: 11.17GiB
Free memory: 11.11GiB
2018-04-11 18:29:38.899207: W tensorflow/stream_executor/cuda/cuda_driver.cc:523] A non-primary context 0x5f18ab0 exists before initializing the StreamExecutor. We haven't verified StreamExecutor works with that.
2018-04-11 18:29:38.900404: I tensorflow/core/common_runtime/gpu/gpu_device.cc:940] Found device 3 with properties: 
name: Tesla K80
major: 3 minor: 7 memoryClockRate (GHz) 0.8235
pciBusID 0000:85:00.0
Total memory: 11.17GiB
Free memory: 11.11GiB
2018-04-11 18:29:38.901118: I tensorflow/core/common_runtime/gpu/gpu_device.cc:832] Peer access not supported between device ordinals 0 and 2
2018-04-11 18:29:38.901135: I tensorflow/core/common_runtime/gpu/gpu_device.cc:832] Peer access not supported between device ordinals 0 and 3
2018-04-11 18:29:38.901158: I tensorflow/core/common_runtime/gpu/gpu_device.cc:832] Peer access not supported between device ordinals 1 and 2
2018-04-11 18:29:38.901168: I tensorflow/core/common_runtime/gpu/gpu_device.cc:832] Peer access not supported between device ordinals 1 and 3
2018-04-11 18:29:38.901178: I tensorflow/core/common_runtime/gpu/gpu_device.cc:832] Peer access not supported between device ordinals 2 and 0
2018-04-11 18:29:38.901187: I tensorflow/core/common_runtime/gpu/gpu_device.cc:832] Peer access not supported between device ordinals 2 and 1
2018-04-11 18:29:38.901763: I tensorflow/core/common_runtime/gpu/gpu_device.cc:832] Peer access not supported between device ordinals 3 and 0
2018-04-11 18:29:38.901779: I tensorflow/core/common_runtime/gpu/gpu_device.cc:832] Peer access not supported between device ordinals 3 and 1
2018-04-11 18:29:38.901841: I tensorflow/core/common_runtime/gpu/gpu_device.cc:961] DMA: 0 1 2 3 
2018-04-11 18:29:38.901848: I tensorflow/core/common_runtime/gpu/gpu_device.cc:971] 0:   Y Y N N 
2018-04-11 18:29:38.901852: I tensorflow/core/common_runtime/gpu/gpu_device.cc:971] 1:   Y Y N N 
2018-04-11 18:29:38.901856: I tensorflow/core/common_runtime/gpu/gpu_device.cc:971] 2:   N N Y Y 
2018-04-11 18:29:38.901860: I tensorflow/core/common_runtime/gpu/gpu_device.cc:971] 3:   N N Y Y 
2018-04-11 18:29:38.901875: I tensorflow/core/common_runtime/gpu/gpu_device.cc:1030] Creating TensorFlow device (/gpu:0) -> (device: 0, name: Tesla K80, pci bus id: 0000:06:00.0)
2018-04-11 18:29:38.901881: I tensorflow/core/common_runtime/gpu/gpu_device.cc:1030] Creating TensorFlow device (/gpu:1) -> (device: 1, name: Tesla K80, pci bus id: 0000:07:00.0)
2018-04-11 18:29:38.901887: I tensorflow/core/common_runtime/gpu/gpu_device.cc:1030] Creating TensorFlow device (/gpu:2) -> (device: 2, name: Tesla K80, pci bus id: 0000:84:00.0)
2018-04-11 18:29:38.901892: I tensorflow/core/common_runtime/gpu/gpu_device.cc:1030] Creating TensorFlow device (/gpu:3) -> (device: 3, name: Tesla K80, pci bus id: 0000:85:00.0)
Using TensorFlow backend.
2018-04-11 18:53:55.033117: I tensorflow/core/common_runtime/gpu/gpu_device.cc:940] Found device 0 with properties: 
name: Tesla K80
major: 3 minor: 7 memoryClockRate (GHz) 0.8235
pciBusID 0000:06:00.0
Total memory: 11.17GiB
Free memory: 11.11GiB
2018-04-11 18:53:55.229998: W tensorflow/stream_executor/cuda/cuda_driver.cc:523] A non-primary context 0x51889f0 exists before initializing the StreamExecutor. We haven't verified StreamExecutor works with that.
2018-04-11 18:53:55.231221: I tensorflow/core/common_runtime/gpu/gpu_device.cc:940] Found device 1 with properties: 
name: Tesla K80
major: 3 minor: 7 memoryClockRate (GHz) 0.8235
pciBusID 0000:07:00.0
Total memory: 11.17GiB
Free memory: 11.11GiB
2018-04-11 18:53:55.430990: W tensorflow/stream_executor/cuda/cuda_driver.cc:523] A non-primary context 0x518c710 exists before initializing the StreamExecutor. We haven't verified StreamExecutor works with that.
2018-04-11 18:53:55.432185: I tensorflow/core/common_runtime/gpu/gpu_device.cc:940] Found device 2 with properties: 
name: Tesla K80
major: 3 minor: 7 memoryClockRate (GHz) 0.8235
pciBusID 0000:84:00.0
Total memory: 11.17GiB
Free memory: 11.11GiB
2018-04-11 18:53:55.636163: W tensorflow/stream_executor/cuda/cuda_driver.cc:523] A non-primary context 0x5190580 exists before initializing the StreamExecutor. We haven't verified StreamExecutor works with that.
2018-04-11 18:53:55.637357: I tensorflow/core/common_runtime/gpu/gpu_device.cc:940] Found device 3 with properties: 
name: Tesla K80
major: 3 minor: 7 memoryClockRate (GHz) 0.8235
pciBusID 0000:85:00.0
Total memory: 11.17GiB
Free memory: 11.11GiB
2018-04-11 18:53:55.638073: I tensorflow/core/common_runtime/gpu/gpu_device.cc:832] Peer access not supported between device ordinals 0 and 2
2018-04-11 18:53:55.638090: I tensorflow/core/common_runtime/gpu/gpu_device.cc:832] Peer access not supported between device ordinals 0 and 3
2018-04-11 18:53:55.638113: I tensorflow/core/common_runtime/gpu/gpu_device.cc:832] Peer access not supported between device ordinals 1 and 2
2018-04-11 18:53:55.638123: I tensorflow/core/common_runtime/gpu/gpu_device.cc:832] Peer access not supported between device ordinals 1 and 3
2018-04-11 18:53:55.638133: I tensorflow/core/common_runtime/gpu/gpu_device.cc:832] Peer access not supported between device ordinals 2 and 0
2018-04-11 18:53:55.638143: I tensorflow/core/common_runtime/gpu/gpu_device.cc:832] Peer access not supported between device ordinals 2 and 1
2018-04-11 18:53:55.638718: I tensorflow/core/common_runtime/gpu/gpu_device.cc:832] Peer access not supported between device ordinals 3 and 0
2018-04-11 18:53:55.638734: I tensorflow/core/common_runtime/gpu/gpu_device.cc:832] Peer access not supported between device ordinals 3 and 1
2018-04-11 18:53:55.638797: I tensorflow/core/common_runtime/gpu/gpu_device.cc:961] DMA: 0 1 2 3 
2018-04-11 18:53:55.638804: I tensorflow/core/common_runtime/gpu/gpu_device.cc:971] 0:   Y Y N N 
2018-04-11 18:53:55.638809: I tensorflow/core/common_runtime/gpu/gpu_device.cc:971] 1:   Y Y N N 
2018-04-11 18:53:55.638812: I tensorflow/core/common_runtime/gpu/gpu_device.cc:971] 2:   N N Y Y 
2018-04-11 18:53:55.638816: I tensorflow/core/common_runtime/gpu/gpu_device.cc:971] 3:   N N Y Y 
2018-04-11 18:53:55.638831: I tensorflow/core/common_runtime/gpu/gpu_device.cc:1030] Creating TensorFlow device (/gpu:0) -> (device: 0, name: Tesla K80, pci bus id: 0000:06:00.0)
2018-04-11 18:53:55.638838: I tensorflow/core/common_runtime/gpu/gpu_device.cc:1030] Creating TensorFlow device (/gpu:1) -> (device: 1, name: Tesla K80, pci bus id: 0000:07:00.0)
2018-04-11 18:53:55.638843: I tensorflow/core/common_runtime/gpu/gpu_device.cc:1030] Creating TensorFlow device (/gpu:2) -> (device: 2, name: Tesla K80, pci bus id: 0000:84:00.0)
2018-04-11 18:53:55.638848: I tensorflow/core/common_runtime/gpu/gpu_device.cc:1030] Creating TensorFlow device (/gpu:3) -> (device: 3, name: Tesla K80, pci bus id: 0000:85:00.0)
